<?xml version="1.0" encoding="UTF-8"?>
<!-- Generated by org.testng.reporters.JUnitXMLReporter -->
<testsuite hostname="GP" name="Test" tests="1" failures="0" timestamp="24 Dec 2015 20:18:41 GMT" time="63.104" errors="0">
  <testcase name="@BeforeTest beforeTest" time="0.0" classname="example.NewTest">
    <failure type="org.openqa.selenium.WebDriverException" message="Failed to connect to binary FirefoxBinary(C:\Program Files\Mozilla Firefox\firefox.exe) on port 7055; process output follows: 
e&amp;quot;:false,&amp;quot;signedState&amp;quot;:0}
1450988284279	addons.xpi	DEBUG	New add-on {ABDE892B-13A8-4d1b-88E6-365A6E755758} installed in winreg-app-global
1450988284361	addons.xpi	WARN	addMetadata: Add-on {ABDE892B-13A8-4d1b-88E6-365A6E755758} is invalid: Error: Invalid addon ID: expected addon ID {ABDE892B-13A8-4d1b-88E6-365A6E755758}, found {34712C68-7391-4c47-94F3-8F88D49AD632} in manifest (resource://gre/modules/addons/XPIProvider.jsm:3357:16) JS Stack trace: addMetadata@XPIProvider.jsm:3357:17 &amp;lt; XPI_processFileChanges@XPIProvider.jsm:3634:23 &amp;lt; XPI_checkForChanges@XPIProvider.jsm:3795:34 &amp;lt; XPI_startup@XPIProvider.jsm:2288:25 &amp;lt; callProvider@AddonManager.jsm:221:12 &amp;lt; _startProvider@AddonManager.jsm:828:5 &amp;lt; AMI_startup@AddonManager.jsm:999:9 &amp;lt; AMP_startup@AddonManager.jsm:2659:5 &amp;lt; AMC_observe@addonManager.js:55:7
1450988284362	addons.xpi	WARN	Could not uninstall invalid item from locked install location
1450988284362	addons.xpi	DEBUG	Updating database with changes to installed add-ons
1450988284362	addons.xpi-utils	DEBUG	Updating add-on states
1450988284366	addons.xpi-utils	DEBUG	Writing add-ons list
1450988284444	addons.manager	DEBUG	Registering shutdown blocker for XPIProvider
1450988284445	addons.manager	DEBUG	Provider finished startup: XPIProvider
1450988284445	addons.manager	DEBUG	Starting provider: LightweightThemeManager
1450988284445	addons.manager	DEBUG	Registering shutdown blocker for LightweightThemeManager
1450988284445	addons.manager	DEBUG	Provider finished startup: LightweightThemeManager
1450988284446	addons.manager	DEBUG	Starting provider: GMPProvider
1450988284460	addons.manager	DEBUG	Registering shutdown blocker for GMPProvider
1450988284460	addons.manager	DEBUG	Provider finished startup: GMPProvider
1450988284460	addons.manager	DEBUG	Starting provider: PluginProvider
1450988284460	addons.manager	DEBUG	Registering shutdown blocker for PluginProvider
1450988284461	addons.manager	DEBUG	Provider finished startup: PluginProvider
1450988284461	addons.manager	DEBUG	Completed startup sequence
JavaScript warning: about:blank, line 1463: SyntaxError: unreachable code after return statement
1450988295187	addons.manager	DEBUG	Starting provider: &amp;lt;unnamed-provider&amp;gt;
1450988295187	addons.manager	DEBUG	Registering shutdown blocker for &amp;lt;unnamed-provider&amp;gt;
1450988295188	addons.manager	DEBUG	Provider finished startup: &amp;lt;unnamed-provider&amp;gt;
1450988296396	addons.manager	DEBUG	shutdown
1450988296396	addons.manager	DEBUG	Calling shutdown blocker for XPIProvider
1450988296397	addons.xpi	DEBUG	shutdown
1450988296397	addons.xpi-utils	DEBUG	shutdown
1450988296397	DeferredSave.extensions.json	DEBUG	Flush called while data is dirty
1450988296399	addons.manager	DEBUG	Calling shutdown blocker for LightweightThemeManager
1450988296400	addons.manager	DEBUG	Calling shutdown blocker for GMPProvider
1450988296403	addons.manager	DEBUG	Calling shutdown blocker for PluginProvider
1450988296404	addons.manager	DEBUG	Calling shutdown blocker for &amp;lt;unnamed-provider&amp;gt;
1450988296728	DeferredSave.extensions.json	DEBUG	Write succeeded
1450988296729	addons.xpi-utils	DEBUG	XPI Database saved, setting schema version preference to 17
1450988296729	DeferredSave.extensions.json	DEBUG	Starting write
1450988296780	addons.repository	DEBUG	No addons.json found.
1450988296781	DeferredSave.addons.json	DEBUG	Save changes
1450988296802	DeferredSave.addons.json	DEBUG	Starting timer
1450988297092	addons.manager	DEBUG	Starting provider: PreviousExperimentProvider
1450988297093	addons.manager	DEBUG	Registering shutdown blocker for PreviousExperimentProvider
1450988297095	addons.manager	DEBUG	Provider finished startup: PreviousExperimentProvider
1450988297096	addons.manager	DEBUG	Calling shutdown blocker for PreviousExperimentProvider
1450988297098	DeferredSave.addons.json	DEBUG	Starting write
1450988297162	DeferredSave.extensions.json	DEBUG	Write succeeded
1450988297162	addons.xpi	DEBUG	Notifying XPI shutdown observers
1450988298176	DeferredSave.addons.json	DEBUG	Write succeeded
1450988298176	addons.manager	DEBUG	Async provider shutdown done

Build info: version: &amp;apos;2.45.0&amp;apos;, revision: &amp;apos;5017cb8e7ca8e37638dc3091b2440b90a1d8686f&amp;apos;, time: &amp;apos;2015-02-27 09:10:26&amp;apos;
System info: host: &amp;apos;GP&amp;apos;, ip: &amp;apos;192.168.1.37&amp;apos;, os.name: &amp;apos;Windows Vista&amp;apos;, os.arch: &amp;apos;x86&amp;apos;, os.version: &amp;apos;6.0&amp;apos;, java.version: &amp;apos;1.8.0_66&amp;apos;
Driver info: driver.version: FirefoxDriver">
      <![CDATA[org.openqa.selenium.WebDriverException: Failed to connect to binary FirefoxBinary(C:\Program Files\Mozilla Firefox\firefox.exe) on port 7055; process output follows: 
e":false,"signedState":0}
1450988284279	addons.xpi	DEBUG	New add-on {ABDE892B-13A8-4d1b-88E6-365A6E755758} installed in winreg-app-global
1450988284361	addons.xpi	WARN	addMetadata: Add-on {ABDE892B-13A8-4d1b-88E6-365A6E755758} is invalid: Error: Invalid addon ID: expected addon ID {ABDE892B-13A8-4d1b-88E6-365A6E755758}, found {34712C68-7391-4c47-94F3-8F88D49AD632} in manifest (resource://gre/modules/addons/XPIProvider.jsm:3357:16) JS Stack trace: addMetadata@XPIProvider.jsm:3357:17 < XPI_processFileChanges@XPIProvider.jsm:3634:23 < XPI_checkForChanges@XPIProvider.jsm:3795:34 < XPI_startup@XPIProvider.jsm:2288:25 < callProvider@AddonManager.jsm:221:12 < _startProvider@AddonManager.jsm:828:5 < AMI_startup@AddonManager.jsm:999:9 < AMP_startup@AddonManager.jsm:2659:5 < AMC_observe@addonManager.js:55:7
1450988284362	addons.xpi	WARN	Could not uninstall invalid item from locked install location
1450988284362	addons.xpi	DEBUG	Updating database with changes to installed add-ons
1450988284362	addons.xpi-utils	DEBUG	Updating add-on states
1450988284366	addons.xpi-utils	DEBUG	Writing add-ons list
1450988284444	addons.manager	DEBUG	Registering shutdown blocker for XPIProvider
1450988284445	addons.manager	DEBUG	Provider finished startup: XPIProvider
1450988284445	addons.manager	DEBUG	Starting provider: LightweightThemeManager
1450988284445	addons.manager	DEBUG	Registering shutdown blocker for LightweightThemeManager
1450988284445	addons.manager	DEBUG	Provider finished startup: LightweightThemeManager
1450988284446	addons.manager	DEBUG	Starting provider: GMPProvider
1450988284460	addons.manager	DEBUG	Registering shutdown blocker for GMPProvider
1450988284460	addons.manager	DEBUG	Provider finished startup: GMPProvider
1450988284460	addons.manager	DEBUG	Starting provider: PluginProvider
1450988284460	addons.manager	DEBUG	Registering shutdown blocker for PluginProvider
1450988284461	addons.manager	DEBUG	Provider finished startup: PluginProvider
1450988284461	addons.manager	DEBUG	Completed startup sequence
JavaScript warning: about:blank, line 1463: SyntaxError: unreachable code after return statement
1450988295187	addons.manager	DEBUG	Starting provider: <unnamed-provider>
1450988295187	addons.manager	DEBUG	Registering shutdown blocker for <unnamed-provider>
1450988295188	addons.manager	DEBUG	Provider finished startup: <unnamed-provider>
1450988296396	addons.manager	DEBUG	shutdown
1450988296396	addons.manager	DEBUG	Calling shutdown blocker for XPIProvider
1450988296397	addons.xpi	DEBUG	shutdown
1450988296397	addons.xpi-utils	DEBUG	shutdown
1450988296397	DeferredSave.extensions.json	DEBUG	Flush called while data is dirty
1450988296399	addons.manager	DEBUG	Calling shutdown blocker for LightweightThemeManager
1450988296400	addons.manager	DEBUG	Calling shutdown blocker for GMPProvider
1450988296403	addons.manager	DEBUG	Calling shutdown blocker for PluginProvider
1450988296404	addons.manager	DEBUG	Calling shutdown blocker for <unnamed-provider>
1450988296728	DeferredSave.extensions.json	DEBUG	Write succeeded
1450988296729	addons.xpi-utils	DEBUG	XPI Database saved, setting schema version preference to 17
1450988296729	DeferredSave.extensions.json	DEBUG	Starting write
1450988296780	addons.repository	DEBUG	No addons.json found.
1450988296781	DeferredSave.addons.json	DEBUG	Save changes
1450988296802	DeferredSave.addons.json	DEBUG	Starting timer
1450988297092	addons.manager	DEBUG	Starting provider: PreviousExperimentProvider
1450988297093	addons.manager	DEBUG	Registering shutdown blocker for PreviousExperimentProvider
1450988297095	addons.manager	DEBUG	Provider finished startup: PreviousExperimentProvider
1450988297096	addons.manager	DEBUG	Calling shutdown blocker for PreviousExperimentProvider
1450988297098	DeferredSave.addons.json	DEBUG	Starting write
1450988297162	DeferredSave.extensions.json	DEBUG	Write succeeded
1450988297162	addons.xpi	DEBUG	Notifying XPI shutdown observers
1450988298176	DeferredSave.addons.json	DEBUG	Write succeeded
1450988298176	addons.manager	DEBUG	Async provider shutdown done

Build info: version: '2.45.0', revision: '5017cb8e7ca8e37638dc3091b2440b90a1d8686f', time: '2015-02-27 09:10:26'
System info: host: 'GP', ip: '192.168.1.37', os.name: 'Windows Vista', os.arch: 'x86', os.version: '6.0', java.version: '1.8.0_66'
Driver info: driver.version: FirefoxDriver
	at org.openqa.selenium.firefox.internal.NewProfileExtensionConnection.start(NewProfileExtensionConnection.java:134)
	at org.openqa.selenium.firefox.FirefoxDriver.startClient(FirefoxDriver.java:246)
	at org.openqa.selenium.remote.RemoteWebDriver.<init>(RemoteWebDriver.java:114)
	at org.openqa.selenium.firefox.FirefoxDriver.<init>(FirefoxDriver.java:191)
	at org.openqa.selenium.firefox.FirefoxDriver.<init>(FirefoxDriver.java:186)
	at org.openqa.selenium.firefox.FirefoxDriver.<init>(FirefoxDriver.java:182)
	at org.openqa.selenium.firefox.FirefoxDriver.<init>(FirefoxDriver.java:95)
	at example.NewTest.beforeTest(NewTest.java:19)
Caused by: org.openqa.selenium.WebDriverException: java.lang.InterruptedException: Process timed out after waiting for 45000 ms.
Build info: version: '2.45.0', revision: '5017cb8e7ca8e37638dc3091b2440b90a1d8686f', time: '2015-02-27 09:10:26'
System info: host: 'GP', ip: '192.168.1.37', os.name: 'Windows Vista', os.arch: 'x86', os.version: '6.0', java.version: '1.8.0_66'
Driver info: driver.version: FirefoxDriver
	at org.openqa.selenium.os.CommandLine.waitFor(CommandLine.java:131)
	at org.openqa.selenium.firefox.FirefoxBinary.waitFor(FirefoxBinary.java:222)
	at org.openqa.selenium.firefox.FirefoxBinary.clean(FirefoxBinary.java:242)
	at org.openqa.selenium.firefox.internal.NewProfileExtensionConnection.start(NewProfileExtensionConnection.java:91)
	... 29 more
Caused by: java.lang.InterruptedException: Process timed out after waiting for 45000 ms.
	at org.openqa.selenium.os.UnixProcess.waitFor(UnixProcess.java:148)
	at org.openqa.selenium.os.CommandLine.waitFor(CommandLine.java:129)
	... 32 more
... Removed 22 stack frames]]>
    </failure>
  </testcase> <!-- @BeforeTest beforeTest -->
  <testcase name="@AfterTest afterTest" time="0.0" classname="example.NewTest">
    <skipped/>
  </testcase> <!-- @AfterTest afterTest -->
  <testcase name="testEasy" time="0.002" classname="example.NewTest">
    <skipped/>
  </testcase> <!-- testEasy -->
</testsuite> <!-- Test -->
